2025-05-20 17:17:22,310 - root - INFO - ===== 数据处理任务开始 =====
2025-05-20 17:17:22,310 - root - INFO - 输入目录：/home/WorkSpace/task
2025-05-20 17:17:22,310 - root - INFO - 输出目录：/home/WorkSpace/output
2025-05-20 17:17:22,311 - root - INFO - 找到 7 个 record 文件
2025-05-20 17:17:22,311 - root - INFO - 
🔧 正在处理第 1/7 个文件：/home/WorkSpace/task/task_aaa/AC9723/20250430/20250430150000/orin-1/gaea/AC9723_rccu_bev_od_record_orin-1_20250430150000_7b8a32.record
2025-05-20 17:17:32,281 - root - INFO - 成功加载高精地图，包含 2375 条车道，155 个人行横道
2025-05-20 17:17:51,094 - root - INFO - 数据包时间范围：1745996407.094s - 1745996459.929s (总时长：52.83秒)
2025-05-20 17:17:51,094 - root - INFO - 
=== 调试信息：定位数据分析 ===
2025-05-20 17:17:51,095 - root - INFO - 定位数据总量：879 条
2025-05-20 17:17:51,095 - root - INFO - 
=== 调试信息：感知数据分析 ===
2025-05-20 17:17:51,095 - root - INFO - 感知时间范围：1745996407.094s ~ 1745996459.904s
2025-05-20 17:17:51,096 - root - INFO - 感知帧数：401 总间隔数：400
2025-05-20 17:17:51,096 - root - INFO - 间隔统计：min=0.102s | max=0.414s | avg=0.132s
2025-05-20 17:17:51,097 - root - INFO - 
无超过1秒的异常间隔
2025-05-20 17:17:51,097 - root - INFO - 场景划分结束
2025-05-20 17:17:51,097 - root - INFO - 开始处理第0个场景中的第3s采样帧
2025-05-20 17:17:51,097 - root - INFO - 采样自车历史轨迹
2025-05-20 17:17:51,097 - root - INFO - 历史采样轨迹数据不足21个点，跳过该帧
2025-05-20 17:17:51,097 - root - INFO - 开始处理第0个场景中的第11s采样帧
2025-05-20 17:17:51,098 - root - INFO - 采样自车历史轨迹
2025-05-20 17:17:51,098 - root - INFO - 采样自车未来轨迹
2025-05-20 17:17:51,099 - root - INFO - 采样感知车辆历史、未来轨迹
2025-05-20 17:17:51,109 - root - INFO - 高精地图处理
2025-05-20 17:17:51,311 - root - INFO - 组装最终数据
2025-05-20 17:17:51,311 - root - INFO - 开始处理第1个场景中的第3s采样帧
2025-05-20 17:17:51,312 - root - INFO - 采样自车历史轨迹
2025-05-20 17:17:51,312 - root - INFO - 历史采样轨迹数据不足21个点，跳过该帧
2025-05-20 17:17:51,312 - root - INFO - 开始处理第1个场景中的第11s采样帧
2025-05-20 17:17:51,312 - root - INFO - 采样自车历史轨迹
2025-05-20 17:17:51,313 - root - INFO - 历史采样轨迹数据不足21个点，跳过该帧
2025-05-20 17:17:51,681 - root - INFO - 
🔧 正在处理第 2/7 个文件：/home/WorkSpace/task/task_aaa/AC9723/20250430/20250430150100/orin-1/gaea/AC9723_rccu_bev_od_record_orin-1_20250430150100_7b8a32.record
2025-05-20 17:18:01,499 - root - INFO - 成功加载高精地图，包含 2375 条车道，155 个人行横道
2025-05-20 17:18:22,794 - root - INFO - 数据包时间范围：1745996460.009s - 1745996519.990s (总时长：59.98秒)
2025-05-20 17:18:22,795 - root - INFO - 
=== 调试信息：定位数据分析 ===
2025-05-20 17:18:22,795 - root - INFO - 定位数据总量：848 条
2025-05-20 17:18:22,795 - root - INFO - 
=== 调试信息：感知数据分析 ===
2025-05-20 17:18:22,796 - root - INFO - 感知时间范围：1745996467.302s ~ 1745996519.906s
2025-05-20 17:18:22,796 - root - INFO - 感知帧数：405 总间隔数：404
2025-05-20 17:18:22,797 - root - INFO - 间隔统计：min=0.057s | max=0.293s | avg=0.130s
2025-05-20 17:18:22,797 - root - INFO - 
无超过1秒的异常间隔
2025-05-20 17:18:22,797 - root - INFO - 场景划分结束
2025-05-20 17:18:22,797 - root - INFO - 开始处理第0个场景中的第3s采样帧
2025-05-20 17:18:22,798 - root - INFO - 在感知数据中未找到符合条件的时间点，target=1745996463.009s，容差=0.500s
2025-05-20 17:18:22,798 - root - INFO - 开始处理第0个场景中的第11s采样帧
2025-05-20 17:18:22,798 - root - INFO - 采样自车历史轨迹
2025-05-20 17:18:22,799 - root - INFO - 采样自车未来轨迹
2025-05-20 17:18:22,800 - root - INFO - 采样感知车辆历史、未来轨迹
2025-05-20 17:18:22,823 - root - INFO - 高精地图处理
2025-05-20 17:18:23,021 - root - INFO - 组装最终数据
2025-05-20 17:18:23,021 - root - INFO - 开始处理第1个场景中的第3s采样帧
2025-05-20 17:18:23,021 - root - INFO - 采样自车历史轨迹
2025-05-20 17:18:23,022 - root - INFO - 历史采样轨迹数据不足21个点，跳过该帧
2025-05-20 17:18:23,022 - root - INFO - 开始处理第1个场景中的第11s采样帧
2025-05-20 17:18:23,022 - root - INFO - 采样自车历史轨迹
2025-05-20 17:18:23,022 - root - INFO - 历史采样轨迹数据不足21个点，跳过该帧
2025-05-20 17:18:23,022 - root - INFO - 开始处理第2个场景中的第3s采样帧
2025-05-20 17:18:23,022 - root - INFO - 采样自车历史轨迹
2025-05-20 17:18:23,023 - root - INFO - 采样自车未来轨迹
2025-05-20 17:18:23,024 - root - INFO - 采样感知车辆历史、未来轨迹
2025-05-20 17:18:23,035 - root - INFO - 高精地图处理
2025-05-20 17:18:23,229 - root - INFO - 组装最终数据
2025-05-20 17:18:23,230 - root - INFO - 开始处理第2个场景中的第11s采样帧
2025-05-20 17:18:23,230 - root - INFO - 采样自车历史轨迹
2025-05-20 17:18:23,230 - root - INFO - 历史采样轨迹数据不足21个点，跳过该帧
2025-05-20 17:18:23,594 - root - INFO - 
🔧 正在处理第 3/7 个文件：/home/WorkSpace/task/task_aaa/AC9723/20250430/20250430150200/orin-1/gaea/AC9723_rccu_bev_od_record_orin-1_20250430150200_7b8a32.record
2025-05-20 17:18:34,191 - root - INFO - 成功加载高精地图，包含 2375 条车道，155 个人行横道
2025-05-20 17:18:55,211 - root - INFO - 数据包时间范围：1745996528.490s - 1745996579.938s (总时长：51.45秒)
2025-05-20 17:18:55,211 - root - INFO - 
=== 调试信息：定位数据分析 ===
2025-05-20 17:18:55,211 - root - INFO - 定位数据总量：743 条
2025-05-20 17:18:55,212 - root - INFO - 
=== 调试信息：感知数据分析 ===
2025-05-20 17:18:55,212 - root - INFO - 感知时间范围：1745996528.490s ~ 1745996579.894s
2025-05-20 17:18:55,212 - root - INFO - 感知帧数：388 总间隔数：387
2025-05-20 17:18:55,213 - root - INFO - 间隔统计：min=0.100s | max=0.384s | avg=0.133s
2025-05-20 17:18:55,213 - root - INFO - 
无超过1秒的异常间隔
2025-05-20 17:18:55,213 - root - INFO - 场景划分结束
2025-05-20 17:18:55,213 - root - INFO - 开始处理第0个场景中的第3s采样帧
2025-05-20 17:18:55,214 - root - INFO - 采样自车历史轨迹
2025-05-20 17:18:55,214 - root - INFO - 采样自车未来轨迹
2025-05-20 17:18:55,216 - root - INFO - 采样感知车辆历史、未来轨迹
2025-05-20 17:18:55,221 - root - INFO - 高精地图处理
2025-05-20 17:18:55,405 - root - INFO - 组装最终数据
2025-05-20 17:18:55,405 - root - INFO - 开始处理第0个场景中的第11s采样帧
2025-05-20 17:18:55,405 - root - INFO - 采样自车历史轨迹
2025-05-20 17:18:55,406 - root - INFO - 采样自车未来轨迹
2025-05-20 17:18:55,407 - root - INFO - 采样感知车辆历史、未来轨迹
2025-05-20 17:18:55,412 - root - INFO - 高精地图处理
2025-05-20 17:18:55,592 - root - INFO - 组装最终数据
2025-05-20 17:18:55,631 - root - INFO - 保存文件：scenario_0.json
2025-05-20 17:18:55,631 - root - INFO - 开始处理第1个场景中的第3s采样帧
2025-05-20 17:18:55,632 - root - INFO - 采样自车历史轨迹
2025-05-20 17:18:55,632 - root - INFO - 采样自车未来轨迹
2025-05-20 17:18:55,633 - root - INFO - 采样感知车辆历史、未来轨迹
2025-05-20 17:18:55,649 - root - INFO - 高精地图处理
2025-05-20 17:18:55,827 - root - INFO - 组装最终数据
2025-05-20 17:18:55,828 - root - INFO - 开始处理第1个场景中的第11s采样帧
2025-05-20 17:18:55,828 - root - INFO - 采样自车历史轨迹
2025-05-20 17:18:55,829 - root - INFO - 采样自车未来轨迹
2025-05-20 17:18:55,829 - root - INFO - 采样感知车辆历史、未来轨迹
2025-05-20 17:18:55,863 - root - INFO - 高精地图处理
2025-05-20 17:18:56,062 - root - INFO - 组装最终数据
2025-05-20 17:18:56,227 - root - INFO - 保存文件：scenario_1.json
2025-05-20 17:18:56,580 - root - INFO - 
🔧 正在处理第 4/7 个文件：/home/WorkSpace/task/task_aaa/AC9723/20250430/20250430150700/orin-1/gaea/AC9723_rccu_bev_od_record_orin-1_20250430150700_7b8a32.record
2025-05-20 17:19:06,486 - root - INFO - 成功加载高精地图，包含 2375 条车道，155 个人行横道
2025-05-20 17:19:26,733 - root - INFO - 数据包时间范围：1745996827.790s - 1745996879.911s (总时长：52.12秒)
2025-05-20 17:19:26,733 - root - INFO - 
=== 调试信息：定位数据分析 ===
2025-05-20 17:19:26,733 - root - INFO - 定位数据总量：710 条
2025-05-20 17:19:26,733 - root - INFO - 
=== 调试信息：感知数据分析 ===
2025-05-20 17:19:26,734 - root - INFO - 感知时间范围：1745996827.790s ~ 1745996879.779s
2025-05-20 17:19:26,734 - root - INFO - 感知帧数：386 总间隔数：385
2025-05-20 17:19:26,734 - root - INFO - 间隔统计：min=0.052s | max=0.312s | avg=0.135s
2025-05-20 17:19:26,734 - root - INFO - 
无超过1秒的异常间隔
2025-05-20 17:19:26,734 - root - INFO - 场景划分结束
2025-05-20 17:19:26,734 - root - INFO - 开始处理第0个场景中的第3s采样帧
2025-05-20 17:19:26,734 - root - INFO - 采样自车历史轨迹
2025-05-20 17:19:26,735 - root - INFO - 历史采样轨迹数据不足21个点，跳过该帧
2025-05-20 17:19:26,735 - root - INFO - 开始处理第0个场景中的第11s采样帧
2025-05-20 17:19:26,735 - root - INFO - 采样自车历史轨迹
2025-05-20 17:19:26,735 - root - INFO - 采样自车未来轨迹
2025-05-20 17:19:26,736 - root - INFO - 采样感知车辆历史、未来轨迹
2025-05-20 17:19:26,741 - root - INFO - 高精地图处理
2025-05-20 17:19:26,898 - root - WARNING - 未找到当前所在导航车道！
2025-05-20 17:19:26,898 - root - INFO - 组装最终数据
2025-05-20 17:19:26,898 - root - INFO - 开始处理第1个场景中的第3s采样帧
2025-05-20 17:19:26,898 - root - INFO - 采样自车历史轨迹
2025-05-20 17:19:26,899 - root - INFO - 采样自车未来轨迹
2025-05-20 17:19:26,899 - root - INFO - 采样感知车辆历史、未来轨迹
2025-05-20 17:19:26,908 - root - INFO - 高精地图处理
2025-05-20 17:19:27,061 - root - WARNING - 未找到当前所在导航车道！
2025-05-20 17:19:27,061 - root - INFO - 组装最终数据
2025-05-20 17:19:27,061 - root - INFO - 开始处理第1个场景中的第11s采样帧
2025-05-20 17:19:27,062 - root - INFO - 采样自车历史轨迹
2025-05-20 17:19:27,062 - root - INFO - 采样自车未来轨迹
2025-05-20 17:19:27,063 - root - INFO - 采样感知车辆历史、未来轨迹
2025-05-20 17:19:27,067 - root - INFO - 高精地图处理
2025-05-20 17:19:27,221 - root - WARNING - 未找到当前所在导航车道！
2025-05-20 17:19:27,221 - root - INFO - 组装最终数据
2025-05-20 17:19:27,248 - root - INFO - 保存文件：scenario_1.json
2025-05-20 17:19:27,646 - root - INFO - 
🔧 正在处理第 5/7 个文件：/home/WorkSpace/task/task_aaa/AC9723/20250430/20250430151500/orin-1/gaea/AC9723_rccu_bev_od_record_orin-1_20250430151500_7b8a32.record
2025-05-20 17:19:37,498 - root - INFO - 成功加载高精地图，包含 2375 条车道，155 个人行横道
2025-05-20 17:19:59,144 - root - INFO - 数据包时间范围：1745997308.061s - 1745997359.987s (总时长：51.93秒)
2025-05-20 17:19:59,144 - root - INFO - 
=== 调试信息：定位数据分析 ===
2025-05-20 17:19:59,145 - root - INFO - 定位数据总量：564 条
2025-05-20 17:19:59,145 - root - INFO - 
=== 调试信息：感知数据分析 ===
2025-05-20 17:19:59,145 - root - INFO - 感知时间范围：1745997308.061s ~ 1745997359.915s
2025-05-20 17:19:59,146 - root - INFO - 感知帧数：383 总间隔数：382
2025-05-20 17:19:59,146 - root - INFO - 间隔统计：min=0.034s | max=0.298s | avg=0.136s
2025-05-20 17:19:59,147 - root - INFO - 
无超过1秒的异常间隔
2025-05-20 17:19:59,147 - root - INFO - 场景划分结束
2025-05-20 17:19:59,147 - root - INFO - 开始处理第0个场景中的第3s采样帧
2025-05-20 17:19:59,147 - root - INFO - 采样自车历史轨迹
2025-05-20 17:19:59,148 - root - INFO - 采样自车未来轨迹
2025-05-20 17:19:59,150 - root - INFO - 采样感知车辆历史、未来轨迹
2025-05-20 17:19:59,170 - root - INFO - 高精地图处理
2025-05-20 17:19:59,368 - root - INFO - 组装最终数据
2025-05-20 17:19:59,369 - root - INFO - 开始处理第0个场景中的第11s采样帧
2025-05-20 17:19:59,369 - root - INFO - 采样自车历史轨迹
2025-05-20 17:19:59,370 - root - INFO - 采样自车未来轨迹
2025-05-20 17:19:59,372 - root - INFO - 采样感知车辆历史、未来轨迹
2025-05-20 17:19:59,394 - root - INFO - 高精地图处理
2025-05-20 17:19:59,607 - root - INFO - 组装最终数据
2025-05-20 17:19:59,760 - root - INFO - 保存文件：scenario_0.json
2025-05-20 17:19:59,760 - root - INFO - 开始处理第1个场景中的第3s采样帧
2025-05-20 17:19:59,760 - root - INFO - 采样自车历史轨迹
2025-05-20 17:19:59,760 - root - INFO - 历史采样轨迹数据不足21个点，跳过该帧
2025-05-20 17:19:59,760 - root - INFO - 开始处理第1个场景中的第11s采样帧
2025-05-20 17:19:59,760 - root - INFO - 采样自车历史轨迹
2025-05-20 17:19:59,761 - root - INFO - 历史采样轨迹数据不足21个点，跳过该帧
2025-05-20 17:20:00,122 - root - INFO - 
🔧 正在处理第 6/7 个文件：/home/WorkSpace/task/task_aaa/AC9723/20250430/20250430151700/orin-1/gaea/AC9723_rccu_bev_od_record_orin-1_20250430151700_7b8a32.record
2025-05-20 17:20:11,176 - root - INFO - 成功加载高精地图，包含 2375 条车道，155 个人行横道
2025-05-20 17:20:30,573 - root - INFO - 数据包时间范围：1745997428.113s - 1745997479.967s (总时长：51.85秒)
2025-05-20 17:20:30,574 - root - INFO - 
=== 调试信息：定位数据分析 ===
2025-05-20 17:20:30,574 - root - INFO - 定位数据总量：653 条
2025-05-20 17:20:30,574 - root - INFO - 
=== 调试信息：感知数据分析 ===
2025-05-20 17:20:30,574 - root - INFO - 感知时间范围：1745997428.113s ~ 1745997479.967s
2025-05-20 17:20:30,575 - root - INFO - 感知帧数：383 总间隔数：382
2025-05-20 17:20:30,575 - root - INFO - 间隔统计：min=0.103s | max=0.355s | avg=0.136s
2025-05-20 17:20:30,575 - root - INFO - 
无超过1秒的异常间隔
2025-05-20 17:20:30,575 - root - INFO - 场景划分结束
2025-05-20 17:20:30,575 - root - INFO - 开始处理第0个场景中的第3s采样帧
2025-05-20 17:20:30,575 - root - INFO - 采样自车历史轨迹
2025-05-20 17:20:30,575 - root - INFO - 历史采样轨迹数据不足21个点，跳过该帧
2025-05-20 17:20:30,575 - root - INFO - 开始处理第0个场景中的第11s采样帧
2025-05-20 17:20:30,576 - root - INFO - 采样自车历史轨迹
2025-05-20 17:20:30,576 - root - INFO - 历史采样轨迹数据不足21个点，跳过该帧
2025-05-20 17:20:30,576 - root - INFO - 开始处理第1个场景中的第3s采样帧
2025-05-20 17:20:30,576 - root - INFO - 采样自车历史轨迹
2025-05-20 17:20:30,576 - root - INFO - 历史采样轨迹数据不足21个点，跳过该帧
2025-05-20 17:20:30,576 - root - INFO - 开始处理第1个场景中的第11s采样帧
2025-05-20 17:20:30,576 - root - INFO - 采样自车历史轨迹
2025-05-20 17:20:30,576 - root - INFO - 采样自车未来轨迹
2025-05-20 17:20:30,577 - root - INFO - 采样感知车辆历史、未来轨迹
2025-05-20 17:20:30,583 - root - INFO - 高精地图处理
2025-05-20 17:20:30,773 - root - INFO - 组装最终数据
2025-05-20 17:20:31,116 - root - INFO - 
🔧 正在处理第 7/7 个文件：/home/WorkSpace/task/task_aaa/AC9723/20250430/20250430152000/orin-1/gaea/AC9723_rccu_bev_od_record_orin-1_20250430152000_7b8a32.record
2025-05-20 17:20:41,200 - root - INFO - 成功加载高精地图，包含 2375 条车道，155 个人行横道
2025-05-20 17:21:00,508 - root - INFO - 数据包时间范围：1745997608.104s - 1745997659.970s (总时长：51.87秒)
2025-05-20 17:21:00,509 - root - INFO - 
=== 调试信息：定位数据分析 ===
2025-05-20 17:21:00,509 - root - INFO - 定位数据总量：540 条
2025-05-20 17:21:00,509 - root - INFO - 
=== 调试信息：感知数据分析 ===
2025-05-20 17:21:00,510 - root - INFO - 感知时间范围：1745997608.104s ~ 1745997659.899s
2025-05-20 17:21:00,510 - root - INFO - 感知帧数：390 总间隔数：389
2025-05-20 17:21:00,510 - root - INFO - 间隔统计：min=0.103s | max=0.329s | avg=0.133s
2025-05-20 17:21:00,511 - root - INFO - 
无超过1秒的异常间隔
2025-05-20 17:21:00,511 - root - INFO - 场景划分结束
2025-05-20 17:21:00,511 - root - INFO - 开始处理第0个场景中的第3s采样帧
2025-05-20 17:21:00,511 - root - INFO - 采样自车历史轨迹
2025-05-20 17:21:00,511 - root - INFO - 历史采样轨迹数据不足21个点，跳过该帧
2025-05-20 17:21:00,511 - root - INFO - 开始处理第0个场景中的第11s采样帧
2025-05-20 17:21:00,511 - root - INFO - 采样自车历史轨迹
2025-05-20 17:21:00,511 - root - INFO - 历史采样轨迹数据不足21个点，跳过该帧
2025-05-20 17:21:00,511 - root - INFO - 开始处理第1个场景中的第3s采样帧
2025-05-20 17:21:00,512 - root - INFO - 采样自车历史轨迹
2025-05-20 17:21:00,512 - root - INFO - 采样自车未来轨迹
2025-05-20 17:21:00,512 - root - INFO - 采样感知车辆历史、未来轨迹
2025-05-20 17:21:00,520 - root - INFO - 高精地图处理
2025-05-20 17:21:00,693 - root - INFO - 组装最终数据
2025-05-20 17:21:00,693 - root - INFO - 开始处理第1个场景中的第11s采样帧
2025-05-20 17:21:00,694 - root - INFO - 采样自车历史轨迹
2025-05-20 17:21:00,694 - root - INFO - 采样自车未来轨迹
2025-05-20 17:21:00,695 - root - INFO - 采样感知车辆历史、未来轨迹
2025-05-20 17:21:00,711 - root - INFO - 高精地图处理
2025-05-20 17:21:00,887 - root - INFO - 组装最终数据
2025-05-20 17:21:00,932 - root - INFO - 保存文件：scenario_1.json
2025-05-20 17:21:01,279 - root - INFO - ===== 数据处理任务完成 =====
